<?xml version="1.0" encoding="UTF-8"?>
<!-- Generated by org.testng.reporters.JUnitXMLReporter -->
<testsuite ignored="0" hostname="Laptop-Rohit" failures="0" tests="3" name="Default test" time="0.066" errors="0" timestamp="2025-10-10T02:34:58 IST">
  <testcase classname="testng_extra.Demo4" name="assembly1" time="0.007"/>
  <testcase classname="testng_extra.Demo4" name="assembly2" time="0.001"/>
  <testcase classname="testng_extra.Demo4" name="finalassembly" time="0.001"/>
</testsuite> <!-- Default test -->
