<?xml version="1.0" encoding="UTF-8"?>
<!-- Generated by org.testng.reporters.JUnitXMLReporter -->
<testsuite ignored="0" hostname="Laptop-Rohit" failures="1" tests="1" name="Default test(failed)(failed)" time="0.052" errors="0" timestamp="2025-11-29T00:57:49 IST">
  <testcase classname="working_with_assertion.HardAssertDemo" name="case1" time="0.011">
    <failure type="java.lang.AssertionError" message="expected [true] but found [false]">
      <![CDATA[java.lang.AssertionError: expected [true] but found [false]
at working_with_assertion.HardAssertDemo.case1(HardAssertDemo.java:21)
at java.base/java.util.ArrayList.forEach(ArrayList.java:1596)
... Removed 29 stack frames]]>
    </failure>
  </testcase> <!-- case1 -->
</testsuite> <!-- Default test(failed)(failed) -->
