<?xml version="1.0" encoding="UTF-8"?>
<!-- Generated by org.testng.reporters.JUnitReportReporter -->
<testsuite hostname="Laptop-Rohit" failures="0" tests="3" name="data_provider.ArrayCheck2" time="14.791" errors="0" timestamp="2025-12-22T19:32:36 IST" skipped="0">
  <testcase classname="data_provider.ArrayCheck2" name="loginToVtiger" time="4.682"/>
  <testcase classname="data_provider.ArrayCheck2" name="loginToVtiger" time="4.777"/>
  <testcase classname="data_provider.ArrayCheck2" name="loginToVtiger" time="5.332"/>
</testsuite> <!-- data_provider.ArrayCheck2 -->
