<?xml version="1.0" encoding="UTF-8"?>
<!-- Generated by org.testng.reporters.JUnitReportReporter -->
<testsuite hostname="Laptop-Rohit" failures="0" tests="3" name="testng_extra.Demo1" time="0.015" errors="0" timestamp="2025-12-04T15:20:14 IST" skipped="1">
  <testcase classname="testng_extra.Demo1" name="case3" time="0.007">
    <system-out>
      <![CDATA[morning]]>
    </system-out>
  </testcase> <!-- case3 -->
  <testcase classname="testng_extra.Demo1" name="case1" time="0.008"/>
  <testcase classname="testng_extra.Demo1" name="case2">
    <skipped/>
  </testcase> <!-- case2 -->
  <system-out>
    <![CDATA[morning]]>
  </system-out>
</testsuite> <!-- testng_extra.Demo1 -->
