<?xml version="1.0" encoding="UTF-8"?>
<!-- Generated by org.testng.reporters.JUnitReportReporter -->
<testsuite hostname="Laptop-Rohit" failures="0" tests="5" name="advance_reports.Vtiger" time="28.920" errors="0" timestamp="2025-11-28T19:25:42 IST" skipped="0">
  <testcase classname="advance_reports.Vtiger" name="login2" time="3.126"/>
  <testcase classname="advance_reports.Vtiger" name="login3" time="3.175"/>
  <testcase classname="advance_reports.Vtiger" name="login4" time="6.608"/>
  <testcase classname="advance_reports.Vtiger" name="login1" time="3.191"/>
  <testcase classname="advance_reports.Vtiger" name="takeSS" time="12.820"/>
</testsuite> <!-- advance_reports.Vtiger -->
