<?xml version="1.0" encoding="UTF-8"?>
<!-- Generated by org.testng.reporters.JUnitReportReporter -->
<testsuite hostname="Laptop-Rohit" failures="0" tests="5" name="dp_extra.ArrayCheck" time="0.014" errors="0" timestamp="2025-11-27T18:43:15 IST" skipped="0">
  <testcase classname="dp_extra.ArrayCheck" name="loginToSauceDemo" time="0.002"/>
  <testcase classname="dp_extra.ArrayCheck" name="loginToSauceDemo" time="0.002"/>
  <testcase classname="dp_extra.ArrayCheck" name="loginToSauceDemo" time="0.001"/>
  <testcase classname="dp_extra.ArrayCheck" name="loginToSauceDemo" time="0.008"/>
  <testcase classname="dp_extra.ArrayCheck" name="loginToSauceDemo" time="0.001"/>
</testsuite> <!-- dp_extra.ArrayCheck -->
