<?xml version="1.0" encoding="UTF-8"?>
<!-- Generated by org.testng.reporters.JUnitReportReporter -->
<testsuite hostname="Laptop-Rohit" failures="0" tests="3" name="dp_extra.ArrayCheck2" time="14.362" errors="0" timestamp="2025-12-22T19:00:01 IST" skipped="0">
  <testcase classname="dp_extra.ArrayCheck2" name="loginToSauceDemo" time="4.696"/>
  <testcase classname="dp_extra.ArrayCheck2" name="loginToSauceDemo" time="5.016"/>
  <testcase classname="dp_extra.ArrayCheck2" name="loginToSauceDemo" time="4.650"/>
</testsuite> <!-- dp_extra.ArrayCheck2 -->
