<?xml version="1.0" encoding="UTF-8"?>
<!-- Generated by org.testng.reporters.JUnitReportReporter -->
<testsuite hostname="Laptop-Rohit" failures="0" tests="7" name="types_of_execution.Demo1" time="43.574" errors="0" timestamp="2025-11-27T20:22:28 IST" skipped="0">
  <testcase classname="types_of_execution.Demo1" name="case15" time="6.041"/>
  <testcase classname="types_of_execution.Demo1" name="case14" time="5.973"/>
  <testcase classname="types_of_execution.Demo1" name="case1" time="7.526"/>
  <testcase classname="types_of_execution.Demo1" name="case12" time="6.012"/>
  <testcase classname="types_of_execution.Demo1" name="case11" time="6.086"/>
  <testcase classname="types_of_execution.Demo1" name="case16" time="5.958"/>
  <testcase classname="types_of_execution.Demo1" name="case13" time="5.978"/>
</testsuite> <!-- types_of_execution.Demo1 -->
