<?xml version="1.0" encoding="UTF-8"?>
<!-- Generated by org.testng.reporters.JUnitReportReporter -->
<testsuite hostname="Laptop-Rohit" failures="0" tests="5" name="advance_reports.Vtiger" time="24.815" errors="0" timestamp="2025-10-31T12:24:23 IST" skipped="0">
  <testcase classname="advance_reports.Vtiger" name="login4" time="4.722"/>
  <testcase classname="advance_reports.Vtiger" name="login1" time="3.491"/>
  <testcase classname="advance_reports.Vtiger" name="takeSS" time="6.910"/>
  <testcase classname="advance_reports.Vtiger" name="login2" time="4.892"/>
  <testcase classname="advance_reports.Vtiger" name="login3" time="4.800"/>
</testsuite> <!-- advance_reports.Vtiger -->
