<?xml version="1.0" encoding="UTF-8"?>
<!-- Generated by org.testng.reporters.JUnitReportReporter -->
<testsuite hostname="Laptop-Rohit" failures="0" tests="10" name="testng_extra.Demo5" time="22.466" errors="0" timestamp="2025-12-08T00:08:46 IST" skipped="0">
  <testcase classname="testng_extra.Demo5" name="testInvocation" time="1.221"/>
  <testcase classname="testng_extra.Demo5" name="testInvocation" time="2.574"/>
  <testcase classname="testng_extra.Demo5" name="testInvocation" time="2.255"/>
  <testcase classname="testng_extra.Demo5" name="testInvocation" time="2.251"/>
  <testcase classname="testng_extra.Demo5" name="testInvocation" time="2.257"/>
  <testcase classname="testng_extra.Demo5" name="testInvocation" time="2.210"/>
  <testcase classname="testng_extra.Demo5" name="testInvocation" time="2.491"/>
  <testcase classname="testng_extra.Demo5" name="testInvocation" time="2.583"/>
  <testcase classname="testng_extra.Demo5" name="testInvocation" time="2.255"/>
  <testcase classname="testng_extra.Demo5" name="testInvocation" time="2.369"/>
</testsuite> <!-- testng_extra.Demo5 -->
