<?xml version="1.0" encoding="UTF-8"?>
<!-- Generated by org.testng.reporters.JUnitReportReporter -->
<testsuite hostname="Laptop-Rohit" failures="0" tests="5" name="Practice.Demo" time="9.681" errors="0" timestamp="2025-12-04T14:21:01 IST" skipped="0">
  <testcase classname="Practice.Demo" name="m4" time="2.588"/>
  <testcase classname="Practice.Demo" name="m4" time="2.770"/>
  <testcase classname="Practice.Demo" name="m4" time="1.217"/>
  <testcase classname="Practice.Demo" name="m4" time="1.611"/>
  <testcase classname="Practice.Demo" name="m4" time="1.495"/>
</testsuite> <!-- Practice.Demo -->
