<?xml version="1.0" encoding="UTF-8"?>
<!-- Generated by org.testng.reporters.JUnitReportReporter -->
<testsuite hostname="Laptop-Rohit" failures="0" tests="5" name="Practice.Demo" time="8.401" errors="0" timestamp="2026-01-03T20:20:24 IST" skipped="0">
  <testcase classname="Practice.Demo" name="m4" time="1.817"/>
  <testcase classname="Practice.Demo" name="m4" time="1.822"/>
  <testcase classname="Practice.Demo" name="m4" time="1.763"/>
  <testcase classname="Practice.Demo" name="m4" time="1.178"/>
  <testcase classname="Practice.Demo" name="m4" time="1.821"/>
</testsuite> <!-- Practice.Demo -->
