<?xml version="1.0" encoding="UTF-8"?>
<!-- Generated by org.testng.reporters.JUnitXMLReporter -->
<testsuite ignored="0" hostname="Laptop-Rohit" failures="1" tests="3" name="Default test(failed)" time="11.038" errors="0" timestamp="2025-12-05T20:24:41 IST">
  <testcase classname="listeners_extra.JustToProve0" name="genRep" time="0.016">
    <failure type="java.lang.AssertionError" message="expected [true] but found [false]">
      <![CDATA[java.lang.AssertionError: expected [true] but found [false]
at listeners_extra.JustToProve0.genRep(JustToProve0.java:15)
at java.base/java.util.ArrayList.forEach(ArrayList.java:1596)
... Removed 29 stack frames]]>
    </failure>
  </testcase> <!-- genRep -->
  <testcase classname="listeners_extra.JustToProve0" name="genRep2" time="2.003"/>
  <testcase classname="listeners_extra.JustToProve0" name="genRep3" time="0.0">
    <skipped/>
  </testcase> <!-- genRep3 -->
</testsuite> <!-- Default test(failed) -->
