<?xml version="1.0" encoding="UTF-8"?>
<testng-results ignored="0" total="3" passed="3" failed="0" skipped="0">
  <reporter-output>
  </reporter-output>
  <suite started-at="2025-12-22T19:32:21 IST" name="Default suite" finished-at="2025-12-22T19:32:36 IST" duration-ms="14834">
    <groups>
    </groups>
    <test started-at="2025-12-22T19:32:21 IST" name="Default test" finished-at="2025-12-22T19:32:36 IST" duration-ms="14834">
      <class name="data_provider.ArrayCheck2">
        <test-method signature="loginToVtiger(java.lang.String,java.lang.String,java.lang.String)[pri:0, instance:data_provider.ArrayCheck2@dd05255]" started-at="2025-12-22T19:32:21 IST" name="loginToVtiger" data-provider="getData" finished-at="2025-12-22T19:32:26 IST" duration-ms="5332" status="PASS">
          <params>
            <param index="0">
              <value>
                <![CDATA[http://localhost:8888/index.php?action=Login&module=Users]]>
              </value>
            </param>
            <param index="1">
              <value>
                <![CDATA[admin]]>
              </value>
            </param>
            <param index="2">
              <value>
                <![CDATA[manager]]>
              </value>
            </param>
          </params>
          <reporter-output>
          </reporter-output>
        </test-method> <!-- loginToVtiger -->
        <test-method signature="loginToVtiger(java.lang.String,java.lang.String,java.lang.String)[pri:0, instance:data_provider.ArrayCheck2@dd05255]" started-at="2025-12-22T19:32:26 IST" name="loginToVtiger" data-provider="getData" finished-at="2025-12-22T19:32:31 IST" duration-ms="4777" status="PASS">
          <params>
            <param index="0">
              <value>
                <![CDATA[http://localhost:8888/index.php?action=Login&module=Users]]>
              </value>
            </param>
            <param index="1">
              <value>
                <![CDATA[admin]]>
              </value>
            </param>
            <param index="2">
              <value>
                <![CDATA[manager]]>
              </value>
            </param>
          </params>
          <reporter-output>
          </reporter-output>
        </test-method> <!-- loginToVtiger -->
        <test-method signature="loginToVtiger(java.lang.String,java.lang.String,java.lang.String)[pri:0, instance:data_provider.ArrayCheck2@dd05255]" started-at="2025-12-22T19:32:31 IST" name="loginToVtiger" data-provider="getData" finished-at="2025-12-22T19:32:36 IST" duration-ms="4682" status="PASS">
          <params>
            <param index="0">
              <value>
                <![CDATA[http://localhost:8888/index.php?action=Login&module=Users]]>
              </value>
            </param>
            <param index="1">
              <value>
                <![CDATA[admin]]>
              </value>
            </param>
            <param index="2">
              <value>
                <![CDATA[manager]]>
              </value>
            </param>
          </params>
          <reporter-output>
          </reporter-output>
        </test-method> <!-- loginToVtiger -->
      </class> <!-- data_provider.ArrayCheck2 -->
    </test> <!-- Default test -->
  </suite> <!-- Default suite -->
</testng-results>
