<?xml version="1.0" encoding="UTF-8"?>
<testng-results ignored="0" total="1" passed="1" failed="0" skipped="0">
  <reporter-output>
  </reporter-output>
  <suite started-at="2025-10-29T22:15:20 IST" name="Default suite" finished-at="2025-10-29T22:15:25 IST" duration-ms="4782">
    <groups>
    </groups>
    <test started-at="2025-10-29T22:15:20 IST" name="Default test" finished-at="2025-10-29T22:15:25 IST" duration-ms="4782">
      <class name="advance_reports.SauceDemo">
        <test-method signature="login()[pri:0, instance:advance_reports.SauceDemo@411f53a0]" started-at="2025-10-29T22:15:21 IST" name="login" finished-at="2025-10-29T22:15:25 IST" duration-ms="4721" status="PASS">
          <reporter-output>
          </reporter-output>
        </test-method> <!-- login -->
      </class> <!-- advance_reports.SauceDemo -->
    </test> <!-- Default test -->
  </suite> <!-- Default suite -->
</testng-results>
