<?xml version="1.0" encoding="UTF-8"?>
<testng-results ignored="0" total="5" passed="5" failed="0" skipped="0">
  <reporter-output>
  </reporter-output>
  <suite started-at="2025-10-30T17:19:32 IST" name="Default suite" finished-at="2025-10-30T17:19:55 IST" duration-ms="22890">
    <groups>
    </groups>
    <test started-at="2025-10-30T17:19:32 IST" name="Default test" finished-at="2025-10-30T17:19:55 IST" duration-ms="22890">
      <class name="advance_reports.SauceDemo2">
        <test-method is-config="true" signature="repConfig()[pri:0, instance:advance_reports.SauceDemo2@79079097]" started-at="2025-10-30T17:19:32 IST" name="repConfig" finished-at="2025-10-30T17:19:32 IST" duration-ms="199" status="PASS">
          <reporter-output>
          </reporter-output>
        </test-method> <!-- repConfig -->
        <test-method is-config="true" signature="openBro()[pri:0, instance:advance_reports.SauceDemo2@79079097]" started-at="2025-10-30T17:19:32 IST" name="openBro" finished-at="2025-10-30T17:19:33 IST" duration-ms="1346" status="PASS">
          <reporter-output>
          </reporter-output>
        </test-method> <!-- openBro -->
        <test-method is-config="true" signature="login()[pri:0, instance:advance_reports.SauceDemo2@79079097]" started-at="2025-10-30T17:19:33 IST" name="login" finished-at="2025-10-30T17:19:34 IST" duration-ms="823" status="PASS">
          <reporter-output>
          </reporter-output>
        </test-method> <!-- login -->
        <test-method signature="login1()[pri:0, instance:advance_reports.SauceDemo2@79079097]" started-at="2025-10-30T17:19:34 IST" name="login1" finished-at="2025-10-30T17:19:34 IST" duration-ms="32" status="PASS">
          <reporter-output>
          </reporter-output>
        </test-method> <!-- login1 -->
        <test-method is-config="true" signature="logout()[pri:0, instance:advance_reports.SauceDemo2@79079097]" started-at="2025-10-30T17:19:34 IST" name="logout" finished-at="2025-10-30T17:19:38 IST" duration-ms="3982" status="PASS">
          <reporter-output>
          </reporter-output>
        </test-method> <!-- logout -->
        <test-method is-config="true" signature="login()[pri:0, instance:advance_reports.SauceDemo2@79079097]" started-at="2025-10-30T17:19:38 IST" name="login" finished-at="2025-10-30T17:19:40 IST" duration-ms="1870" status="PASS">
          <reporter-output>
          </reporter-output>
        </test-method> <!-- login -->
        <test-method signature="login2()[pri:0, instance:advance_reports.SauceDemo2@79079097]" started-at="2025-10-30T17:19:40 IST" name="login2" finished-at="2025-10-30T17:19:40 IST" duration-ms="0" status="PASS">
          <reporter-output>
          </reporter-output>
        </test-method> <!-- login2 -->
        <test-method is-config="true" signature="logout()[pri:0, instance:advance_reports.SauceDemo2@79079097]" started-at="2025-10-30T17:19:40 IST" name="logout" finished-at="2025-10-30T17:19:42 IST" duration-ms="2149" status="PASS">
          <reporter-output>
          </reporter-output>
        </test-method> <!-- logout -->
        <test-method is-config="true" signature="login()[pri:0, instance:advance_reports.SauceDemo2@79079097]" started-at="2025-10-30T17:19:42 IST" name="login" finished-at="2025-10-30T17:19:44 IST" duration-ms="1964" status="PASS">
          <reporter-output>
          </reporter-output>
        </test-method> <!-- login -->
        <test-method signature="login3()[pri:0, instance:advance_reports.SauceDemo2@79079097]" started-at="2025-10-30T17:19:44 IST" name="login3" finished-at="2025-10-30T17:19:44 IST" duration-ms="7" status="PASS">
          <reporter-output>
          </reporter-output>
        </test-method> <!-- login3 -->
        <test-method is-config="true" signature="logout()[pri:0, instance:advance_reports.SauceDemo2@79079097]" started-at="2025-10-30T17:19:44 IST" name="logout" finished-at="2025-10-30T17:19:46 IST" duration-ms="2140" status="PASS">
          <reporter-output>
          </reporter-output>
        </test-method> <!-- logout -->
        <test-method is-config="true" signature="login()[pri:0, instance:advance_reports.SauceDemo2@79079097]" started-at="2025-10-30T17:19:46 IST" name="login" finished-at="2025-10-30T17:19:48 IST" duration-ms="1979" status="PASS">
          <reporter-output>
          </reporter-output>
        </test-method> <!-- login -->
        <test-method signature="login4()[pri:0, instance:advance_reports.SauceDemo2@79079097]" started-at="2025-10-30T17:19:48 IST" name="login4" finished-at="2025-10-30T17:19:48 IST" duration-ms="0" status="PASS">
          <reporter-output>
          </reporter-output>
        </test-method> <!-- login4 -->
        <test-method is-config="true" signature="logout()[pri:0, instance:advance_reports.SauceDemo2@79079097]" started-at="2025-10-30T17:19:48 IST" name="logout" finished-at="2025-10-30T17:19:50 IST" duration-ms="2146" status="PASS">
          <reporter-output>
          </reporter-output>
        </test-method> <!-- logout -->
        <test-method is-config="true" signature="login()[pri:0, instance:advance_reports.SauceDemo2@79079097]" started-at="2025-10-30T17:19:50 IST" name="login" finished-at="2025-10-30T17:19:52 IST" duration-ms="1984" status="PASS">
          <reporter-output>
          </reporter-output>
        </test-method> <!-- login -->
        <test-method signature="takeSS()[pri:0, instance:advance_reports.SauceDemo2@79079097]" started-at="2025-10-30T17:19:52 IST" name="takeSS" finished-at="2025-10-30T17:19:52 IST" duration-ms="99" status="PASS">
          <reporter-output>
          </reporter-output>
        </test-method> <!-- takeSS -->
        <test-method is-config="true" signature="logout()[pri:0, instance:advance_reports.SauceDemo2@79079097]" started-at="2025-10-30T17:19:52 IST" name="logout" finished-at="2025-10-30T17:19:54 IST" duration-ms="2080" status="PASS">
          <reporter-output>
          </reporter-output>
        </test-method> <!-- logout -->
        <test-method is-config="true" signature="closeBro()[pri:0, instance:advance_reports.SauceDemo2@79079097]" started-at="2025-10-30T17:19:54 IST" name="closeBro" finished-at="2025-10-30T17:19:55 IST" duration-ms="217" status="PASS">
          <reporter-output>
          </reporter-output>
        </test-method> <!-- closeBro -->
        <test-method is-config="true" signature="repBackup()[pri:0, instance:advance_reports.SauceDemo2@79079097]" started-at="2025-10-30T17:19:55 IST" name="repBackup" finished-at="2025-10-30T17:19:55 IST" duration-ms="254" status="PASS">
          <reporter-output>
          </reporter-output>
        </test-method> <!-- repBackup -->
      </class> <!-- advance_reports.SauceDemo2 -->
    </test> <!-- Default test -->
  </suite> <!-- Default suite -->
</testng-results>
