<?xml version="1.0" encoding="UTF-8"?>
<testng-results ignored="1" total="6" passed="3" failed="1" skipped="1">
  <reporter-output>
  </reporter-output>
  <suite started-at="2026-01-06T16:19:59 IST" name="Default suite" finished-at="2026-01-06T16:20:57 IST" duration-ms="58405">
    <groups>
    </groups>
    <test started-at="2026-01-06T16:19:59 IST" name="Default test" finished-at="2026-01-06T16:20:57 IST" duration-ms="58405">
      <class name="Practice.JustToProve00">
        <test-method is-config="true" signature="openBro()[pri:0, instance:Practice.JustToProve00@3a52dba3]" started-at="2026-01-06T16:19:59 IST" name="openBro" finished-at="2026-01-06T16:20:00 IST" duration-ms="1528" status="PASS">
          <reporter-output>
          </reporter-output>
        </test-method> <!-- openBro -->
        <test-method is-config="true" signature="login()[pri:0, instance:Practice.JustToProve00@3a52dba3]" started-at="2026-01-06T16:20:00 IST" name="login" finished-at="2026-01-06T16:20:06 IST" duration-ms="5844" status="PASS">
          <reporter-output>
          </reporter-output>
        </test-method> <!-- login -->
        <test-method signature="genRep1()[pri:0, instance:Practice.JustToProve00@3a52dba3]" started-at="2026-01-06T16:20:06 IST" name="genRep1" finished-at="2026-01-06T16:20:06 IST" duration-ms="32" status="FAIL">
          <exception class="java.lang.AssertionError">
            <message>
              <![CDATA[expected [true] but found [false]]]>
            </message>
            <full-stacktrace>
              <![CDATA[java.lang.AssertionError: expected [true] but found [false]
at org.testng.Assert.fail(Assert.java:111)
at org.testng.Assert.failNotEquals(Assert.java:1590)
at org.testng.Assert.assertTrue(Assert.java:57)
at org.testng.Assert.assertTrue(Assert.java:67)
at Practice.JustToProve00.genRep1(JustToProve00.java:65)
at java.base/jdk.internal.reflect.DirectMethodHandleAccessor.invoke(DirectMethodHandleAccessor.java:103)
at java.base/java.lang.reflect.Method.invoke(Method.java:580)
at org.testng.internal.invokers.MethodInvocationHelper.invokeMethod(MethodInvocationHelper.java:141)
at org.testng.internal.invokers.TestInvoker.invokeMethod(TestInvoker.java:687)
at org.testng.internal.invokers.TestInvoker.invokeTestMethod(TestInvoker.java:230)
at org.testng.internal.invokers.MethodRunner.runInSequence(MethodRunner.java:63)
at org.testng.internal.invokers.TestInvoker$MethodInvocationAgent.invoke(TestInvoker.java:995)
at org.testng.internal.invokers.TestInvoker.invokeTestMethods(TestInvoker.java:203)
at org.testng.internal.invokers.TestMethodWorker.invokeTestMethods(TestMethodWorker.java:154)
at org.testng.internal.invokers.TestMethodWorker.run(TestMethodWorker.java:134)
at java.base/java.util.ArrayList.forEach(ArrayList.java:1596)
at org.testng.TestRunner.privateRun(TestRunner.java:741)
at org.testng.TestRunner.run(TestRunner.java:616)
at org.testng.SuiteRunner.runTest(SuiteRunner.java:421)
at org.testng.SuiteRunner.runSequentially(SuiteRunner.java:413)
at org.testng.SuiteRunner.privateRun(SuiteRunner.java:373)
at org.testng.SuiteRunner.run(SuiteRunner.java:312)
at org.testng.SuiteRunnerWorker.runSuite(SuiteRunnerWorker.java:52)
at org.testng.SuiteRunnerWorker.run(SuiteRunnerWorker.java:95)
at org.testng.TestNG.runSuitesSequentially(TestNG.java:1274)
at org.testng.TestNG.runSuitesLocally(TestNG.java:1208)
at org.testng.TestNG.runSuites(TestNG.java:1112)
at org.testng.TestNG.run(TestNG.java:1079)
at org.testng.remote.AbstractRemoteTestNG.run(AbstractRemoteTestNG.java:115)
at org.testng.remote.RemoteTestNG.initAndRun(RemoteTestNG.java:293)
at org.testng.remote.RemoteTestNG.main(RemoteTestNG.java:91)
]]>
            </full-stacktrace>
          </exception> <!-- java.lang.AssertionError -->
          <reporter-output>
          </reporter-output>
        </test-method> <!-- genRep1 -->
        <test-method is-config="true" signature="logout()[pri:0, instance:Practice.JustToProve00@3a52dba3]" started-at="2026-01-06T16:20:15 IST" name="logout" finished-at="2026-01-06T16:20:21 IST" duration-ms="5984" status="PASS">
          <reporter-output>
          </reporter-output>
        </test-method> <!-- logout -->
        <test-method is-config="true" signature="login()[pri:0, instance:Practice.JustToProve00@3a52dba3]" started-at="2026-01-06T16:20:21 IST" name="login" finished-at="2026-01-06T16:20:22 IST" duration-ms="1384" status="PASS">
          <reporter-output>
          </reporter-output>
        </test-method> <!-- login -->
        <test-method signature="genRep2()[pri:0, instance:Practice.JustToProve00@3a52dba3]" started-at="2026-01-06T16:20:22 IST" name="genRep2" finished-at="2026-01-06T16:20:24 IST" duration-ms="2023" status="PASS">
          <reporter-output>
          </reporter-output>
        </test-method> <!-- genRep2 -->
        <test-method is-config="true" signature="logout()[pri:0, instance:Practice.JustToProve00@3a52dba3]" started-at="2026-01-06T16:20:24 IST" name="logout" finished-at="2026-01-06T16:20:25 IST" duration-ms="734" status="PASS">
          <reporter-output>
          </reporter-output>
        </test-method> <!-- logout -->
        <test-method is-config="true" signature="login()[pri:0, instance:Practice.JustToProve00@3a52dba3]" started-at="2026-01-06T16:20:25 IST" name="login" finished-at="2026-01-06T16:20:26 IST" duration-ms="1366" status="PASS">
          <reporter-output>
          </reporter-output>
        </test-method> <!-- login -->
        <test-method signature="m1()[pri:0, instance:Practice.JustToProve00@3a52dba3]" started-at="2026-01-06T16:20:26 IST" name="m1" finished-at="2026-01-06T16:20:52 IST" duration-ms="25663" status="PASS">
          <reporter-output>
          </reporter-output>
        </test-method> <!-- m1 -->
        <test-method is-config="true" signature="logout()[pri:0, instance:Practice.JustToProve00@3a52dba3]" started-at="2026-01-06T16:20:52 IST" name="logout" finished-at="2026-01-06T16:20:53 IST" duration-ms="745" status="PASS">
          <reporter-output>
          </reporter-output>
        </test-method> <!-- logout -->
        <test-method signature="genRep3()[pri:0, instance:Practice.JustToProve00@3a52dba3]" started-at="2026-01-06T16:20:53 IST" name="genRep3" finished-at="2026-01-06T16:20:53 IST" depends-on-methods="Practice.JustToProve00.genRep1" duration-ms="0" status="SKIP">
          <exception class="java.lang.Throwable">
            <message>
              <![CDATA[Method Practice.JustToProve00.genRep3() on instance Practice.JustToProve00@3a52dba3 depends on not successfully finished methods 
[Practice.JustToProve00.genRep1() on instance Practice.JustToProve00@3a52dba3]]]>
            </message>
            <full-stacktrace>
              <![CDATA[java.lang.Throwable: Method Practice.JustToProve00.genRep3() on instance Practice.JustToProve00@3a52dba3 depends on not successfully finished methods 
[Practice.JustToProve00.genRep1() on instance Practice.JustToProve00@3a52dba3]
at org.testng.internal.invokers.TestInvoker.invokeTestMethods(TestInvoker.java:159)
at org.testng.internal.invokers.TestMethodWorker.invokeTestMethods(TestMethodWorker.java:154)
at org.testng.internal.invokers.TestMethodWorker.run(TestMethodWorker.java:134)
at java.base/java.util.ArrayList.forEach(ArrayList.java:1596)
at org.testng.TestRunner.privateRun(TestRunner.java:741)
at org.testng.TestRunner.run(TestRunner.java:616)
at org.testng.SuiteRunner.runTest(SuiteRunner.java:421)
at org.testng.SuiteRunner.runSequentially(SuiteRunner.java:413)
at org.testng.SuiteRunner.privateRun(SuiteRunner.java:373)
at org.testng.SuiteRunner.run(SuiteRunner.java:312)
at org.testng.SuiteRunnerWorker.runSuite(SuiteRunnerWorker.java:52)
at org.testng.SuiteRunnerWorker.run(SuiteRunnerWorker.java:95)
at org.testng.TestNG.runSuitesSequentially(TestNG.java:1274)
at org.testng.TestNG.runSuitesLocally(TestNG.java:1208)
at org.testng.TestNG.runSuites(TestNG.java:1112)
at org.testng.TestNG.run(TestNG.java:1079)
at org.testng.remote.AbstractRemoteTestNG.run(AbstractRemoteTestNG.java:115)
at org.testng.remote.RemoteTestNG.initAndRun(RemoteTestNG.java:293)
at org.testng.remote.RemoteTestNG.main(RemoteTestNG.java:91)
]]>
            </full-stacktrace>
          </exception> <!-- java.lang.Throwable -->
          <reporter-output>
          </reporter-output>
        </test-method> <!-- genRep3 -->
        <test-method is-config="true" signature="login()[pri:0, instance:Practice.JustToProve00@3a52dba3]" started-at="2026-01-06T16:20:53 IST" name="login" finished-at="2026-01-06T16:20:54 IST" duration-ms="1390" status="PASS">
          <reporter-output>
          </reporter-output>
        </test-method> <!-- login -->
        <test-method signature="genRep4()[pri:0, instance:Practice.JustToProve00@3a52dba3]" started-at="2026-01-06T16:20:54 IST" name="genRep4" finished-at="2026-01-06T16:20:56 IST" depends-on-methods="Practice.JustToProve00.genRep1" duration-ms="2012" status="PASS">
          <reporter-output>
          </reporter-output>
        </test-method> <!-- genRep4 -->
        <test-method is-config="true" signature="logout()[pri:0, instance:Practice.JustToProve00@3a52dba3]" started-at="2026-01-06T16:20:56 IST" name="logout" finished-at="2026-01-06T16:20:57 IST" duration-ms="784" status="PASS">
          <reporter-output>
          </reporter-output>
        </test-method> <!-- logout -->
        <test-method is-config="true" signature="closeBro()[pri:0, instance:Practice.JustToProve00@3a52dba3]" started-at="2026-01-06T16:20:57 IST" name="closeBro" finished-at="2026-01-06T16:20:57 IST" duration-ms="260" status="PASS">
          <reporter-output>
          </reporter-output>
        </test-method> <!-- closeBro -->
      </class> <!-- Practice.JustToProve00 -->
    </test> <!-- Default test -->
  </suite> <!-- Default suite -->
</testng-results>
