<?xml version="1.0" encoding="UTF-8"?>
<testng-results ignored="0" total="3" passed="3" failed="0" skipped="0">
  <reporter-output>
  </reporter-output>
  <suite started-at="2025-10-10T02:34:58 IST" name="Default suite" finished-at="2025-10-10T02:34:58 IST" duration-ms="66">
    <groups>
    </groups>
    <test started-at="2025-10-10T02:34:58 IST" name="Default test" finished-at="2025-10-10T02:34:58 IST" duration-ms="66">
      <class name="testng_extra.Demo4">
        <test-method signature="assembly1()[pri:0, instance:testng_extra.Demo4@1bb5a082]" started-at="2025-10-10T02:34:58 IST" name="assembly1" finished-at="2025-10-10T02:34:58 IST" duration-ms="7" status="PASS">
          <reporter-output>
          </reporter-output>
        </test-method> <!-- assembly1 -->
        <test-method signature="assembly2()[pri:0, instance:testng_extra.Demo4@1bb5a082]" started-at="2025-10-10T02:34:58 IST" name="assembly2" finished-at="2025-10-10T02:34:58 IST" depends-on-methods="testng_extra.Demo4.assembly1" duration-ms="1" status="PASS">
          <reporter-output>
          </reporter-output>
        </test-method> <!-- assembly2 -->
        <test-method signature="finalassembly()[pri:0, instance:testng_extra.Demo4@1bb5a082]" started-at="2025-10-10T02:34:58 IST" name="finalassembly" finished-at="2025-10-10T02:34:58 IST" depends-on-methods="testng_extra.Demo4.assembly1, testng_extra.Demo4.assembly2" duration-ms="1" status="PASS">
          <reporter-output>
          </reporter-output>
        </test-method> <!-- finalassembly -->
      </class> <!-- testng_extra.Demo4 -->
    </test> <!-- Default test -->
  </suite> <!-- Default suite -->
</testng-results>
