<?xml version="1.0" encoding="UTF-8"?>
<!-- Generated by org.testng.reporters.JUnitXMLReporter -->
<testsuite ignored="1" hostname="Laptop-Rohit" failures="0" tests="3" name="SmokeTest" time="18.982" errors="0" timestamp="2025-10-15T01:16:51 IST">
  <testcase classname="types_of_execution.Demo1" name="case11" time="6.56"/>
  <testcase classname="types_of_execution.Demo2" name="case2" time="6.18"/>
  <testcase classname="types_of_execution.Demo3" name="case3" time="6.195"/>
  <testcase classname="types_of_execution.Demo1" name="case1" time="0.0">
    <ignored/>
  </testcase> <!-- case1 -->
</testsuite> <!-- SmokeTest -->
