<?xml version="1.0" encoding="UTF-8"?>
<!-- Generated by org.testng.reporters.JUnitXMLReporter -->
<testsuite ignored="6" hostname="Laptop-Rohit" failures="0" tests="1" name="TestThread2" time="7.254" errors="0" timestamp="2025-11-27T20:24:27 IST">
  <testcase classname="types_of_execution.Demo2" name="case2" time="7.218"/>
  <testcase classname="types_of_execution.Demo2" name="case14" time="0.0">
    <ignored/>
  </testcase> <!-- case14 -->
  <testcase classname="types_of_execution.Demo2" name="case15" time="0.0">
    <ignored/>
  </testcase> <!-- case15 -->
  <testcase classname="types_of_execution.Demo2" name="case1" time="0.0">
    <ignored/>
  </testcase> <!-- case1 -->
  <testcase classname="types_of_execution.Demo2" name="case12" time="0.0">
    <ignored/>
  </testcase> <!-- case12 -->
  <testcase classname="types_of_execution.Demo2" name="case13" time="0.0">
    <ignored/>
  </testcase> <!-- case13 -->
  <testcase classname="types_of_execution.Demo2" name="case11" time="0.0">
    <ignored/>
  </testcase> <!-- case11 -->
</testsuite> <!-- TestThread2 -->
