<?xml version="1.0" encoding="UTF-8"?>
<!-- Generated by org.testng.reporters.JUnitXMLReporter -->
<testsuite ignored="2" hostname="Laptop-Rohit" failures="0" tests="4" name="Test" time="17.908" errors="0" timestamp="2025-10-15T02:16:08 IST">
  <testcase classname="types_of_execution2.Demo1" name="case1" time="4.904"/>
  <testcase classname="types_of_execution2.Demo1" name="case2" time="4.273"/>
  <testcase classname="types_of_execution2.Demo2" name="case11" time="4.445"/>
  <testcase classname="types_of_execution2.Demo2" name="case12" time="4.224"/>
  <testcase classname="types_of_execution2.Demo2" name="case13" time="0.0">
    <ignored/>
  </testcase> <!-- case13 -->
  <testcase classname="types_of_execution2.Demo1" name="case3" time="0.0">
    <ignored/>
  </testcase> <!-- case3 -->
</testsuite> <!-- Test -->
