<?xml version="1.0" encoding="UTF-8"?>
<!-- Generated by org.testng.reporters.JUnitXMLReporter -->
<testsuite ignored="0" hostname="Laptop-Rohit" failures="2" tests="4" name="Test" time="0.073" errors="0" timestamp="2025-11-03T02:00:24 IST">
  <testcase classname="listeners_extra.JustToProve1" name="case1" time="0.016">
    <failure type="java.lang.AssertionError" message="expected [true] but found [false]">
      <![CDATA[java.lang.AssertionError: expected [true] but found [false]
at listeners_extra.JustToProve1.case1(JustToProve1.java:9)
at java.base/java.util.ArrayList.forEach(ArrayList.java:1511)
... Removed 31 stack frames]]>
    </failure>
  </testcase> <!-- case1 -->
  <testcase classname="listeners_extra.JustToProve2" name="case2" time="0.001"/>
  <testcase classname="listeners_extra.JustToProve3" name="case3" time="0.002">
    <failure type="java.lang.AssertionError" message="expected [true] but found [false]">
      <![CDATA[java.lang.AssertionError: expected [true] but found [false]
at listeners_extra.JustToProve3.case3(JustToProve3.java:10)
at java.base/java.util.ArrayList.forEach(ArrayList.java:1511)
... Removed 31 stack frames]]>
    </failure>
  </testcase> <!-- case3 -->
  <testcase classname="listeners_extra.JustToProve3" name="case31" time="0.0">
    <skipped/>
  </testcase> <!-- case31 -->
</testsuite> <!-- Test -->
