<?xml version="1.0" encoding="UTF-8"?>
<!-- Generated by org.testng.reporters.JUnitXMLReporter -->
<testsuite ignored="0" hostname="Laptop-Rohit" failures="0" tests="6" name="Test" time="37.106" errors="0" timestamp="2025-11-27T19:35:13 IST">
  <testcase classname="types_of_execution.Demo1" name="case1" time="7.205"/>
  <testcase classname="types_of_execution.Demo1" name="case11" time="6.114"/>
  <testcase classname="types_of_execution.Demo2" name="case2" time="6.086"/>
  <testcase classname="types_of_execution.Demo3" name="case3" time="5.963"/>
  <testcase classname="types_of_execution.Demo4" name="case4" time="5.897"/>
  <testcase classname="types_of_execution.Demo5" name="case5" time="5.796"/>
</testsuite> <!-- Test -->
